[2021-08-27T10:15:51.479] [INFO] default - GET /categories started.
[2021-08-27T10:15:51.507] [INFO] default - GET /posts started.
[2021-08-27T10:15:51.531] [INFO] default - GET /categories finished successfully.
[2021-08-27T10:15:51.565] [INFO] default - GET /posts finished successfully.
[2021-08-27T10:16:02.391] [INFO] default - GET /categories started.
[2021-08-27T10:16:02.397] [INFO] default - GET /posts started.
[2021-08-27T10:16:02.414] [INFO] default - GET /categories finished successfully.
[2021-08-27T10:16:02.418] [INFO] default - GET /posts finished successfully.
[2021-08-27T10:16:08.267] [INFO] default - GET /posts/:id started.
[2021-08-27T10:16:08.272] [INFO] default - GET /categories started.
[2021-08-27T10:16:08.295] [INFO] default - GET /posts/:id finished successfully (id: 6127eeadc5794417c3c31fac)
[2021-08-27T10:16:08.297] [INFO] default - GET /categories finished successfully.
[2021-08-27T10:16:15.700] [INFO] default - GET /categories started.
[2021-08-27T10:16:15.702] [INFO] default - GET /posts started.
[2021-08-27T10:16:15.724] [INFO] default - GET /categories finished successfully.
[2021-08-27T10:16:15.729] [INFO] default - GET /posts finished successfully.
[2021-08-27T10:16:19.809] [INFO] default - GET /posts/:id started.
[2021-08-27T10:16:19.810] [INFO] default - GET /categories started.
[2021-08-27T10:16:19.832] [INFO] default - GET /posts/:id finished successfully (id: 6127fadd7e386f411dc283a2)
[2021-08-27T10:16:19.865] [INFO] default - GET /categories finished successfully.
[2021-08-27T10:16:31.067] [INFO] default - PUT /posts/:id started.
[2021-08-27T10:16:31.126] [INFO] default - PUT /posts/:id finished successfully (updatedPost.title: Street...)
[2021-08-27T10:16:32.525] [INFO] default - GET /categories started.
[2021-08-27T10:16:32.527] [INFO] default - GET /posts started.
[2021-08-27T10:16:32.549] [INFO] default - GET /categories finished successfully.
[2021-08-27T10:16:32.554] [INFO] default - GET /posts finished successfully.
[2021-08-27T10:16:43.031] [INFO] default - GET /posts/:id started.
[2021-08-27T10:16:43.034] [INFO] default - GET /categories started.
[2021-08-27T10:16:43.063] [INFO] default - GET /posts/:id finished successfully (id: 60fc87c9ab0f5d48f9ef3fef)
[2021-08-27T10:16:43.064] [INFO] default - GET /categories finished successfully.
[2021-08-27T10:16:49.199] [INFO] default - PUT /posts/:id started.
[2021-08-27T10:16:49.253] [INFO] default - PUT /posts/:id finished successfully (updatedPost.title: Test_1)
[2021-08-27T10:16:50.669] [INFO] default - GET /categories started.
[2021-08-27T10:16:50.675] [INFO] default - GET /posts started.
[2021-08-27T10:16:50.699] [INFO] default - GET /categories finished successfully.
[2021-08-27T10:16:50.703] [INFO] default - GET /posts finished successfully.
